<?xml version="1.0" encoding="UTF-8" ?>
<testsuite errors="0" failures="2" hostname="MacBook-Air-di-Roberta-Calegari.local" name="alice.tuprolog.TuPrologTestSuite" skipped="0" tests="166" time="12.499" timestamp="2014-07-13T10:18:41">
  <properties>
[...]
</properties>
  <testcase classname="alice.tuprolog.BuiltInTestCase" name="testGroupingConjunctions" time="0.292" />
  <testcase classname="alice.tuprolog.BuiltInTestCase" name="testConvertTermToGoal" time="0.001" />
  <testcase classname="alice.tuprolog.PrologTestCase" name="testEngineInitialization" time="0.184" />
  <testcase classname="alice.tuprolog.PrologTestCase" name="testLoadLibraryAsString" time="0.15" />
  <testcase classname="alice.tuprolog.PrologTestCase" name="testLoadLibraryAsObject" time="0.146" />
  <testcase classname="alice.tuprolog.PrologTestCase" name="testGetLibraryWithName" time="0.003" />
  <testcase classname="alice.tuprolog.PrologTestCase" name="testUnloadLibraryAfterLoadingTheory" time="0.119" />
  <testcase classname="alice.tuprolog.PrologTestCase" name="testAddTheory" time="0.127" />
  <testcase classname="alice.tuprolog.PrologTestCase" name="testSpyListenerManagement" time="0.087" />
  <testcase classname="alice.tuprolog.PrologTestCase" name="testLibraryListener" time="0.075" />
  <testcase classname="alice.tuprolog.PrologTestCase" name="testTheoryListener" time="0.091" />
  <testcase classname="alice.tuprolog.PrologTestCase" name="testQueryListener" time="0.063" />
  <testcase classname="alice.tuprolog.IntTestCase" name="testIsAtomic" time="0.001" />
  <testcase classname="alice.tuprolog.IntTestCase" name="testIsAtom" time="0.001" />
  <testcase classname="alice.tuprolog.IntTestCase" name="testIsCompound" time="0.0" />
  <testcase classname="alice.tuprolog.IntTestCase" name="testEqualsToStruct" time="0.005" />
  <testcase classname="alice.tuprolog.IntTestCase" name="testEqualsToVar" time="0.002" />
  <testcase classname="alice.tuprolog.IntTestCase" name="testEqualsToInt" time="0.001" />
  <testcase classname="alice.tuprolog.IntTestCase" name="testEqualsToLong" time="0.0" />
  <testcase classname="alice.tuprolog.IntTestCase" name="testEqualsToDouble" time="0.001" />
  <testcase classname="alice.tuprolog.IntTestCase" name="testEqualsToFloat" time="0.0" />
  <testcase classname="alice.tuprolog.IOLibraryTestCase" name="testGetPrimitives" time="0.001" />
  <testcase classname="alice.tuprolog.IOLibraryTestCase" name="testTab1" time="0.057" />
  <testcase classname="alice.tuprolog.DoubleTestCase" name="testIsAtomic" time="0.001" />
  <testcase classname="alice.tuprolog.DoubleTestCase" name="testIsAtom" time="0.001" />
  <testcase classname="alice.tuprolog.DoubleTestCase" name="testIsCompound" time="0.0" />
  <testcase classname="alice.tuprolog.DoubleTestCase" name="testEqualsToStruct" time="0.0" />
  <testcase classname="alice.tuprolog.DoubleTestCase" name="testEqualsToVar" time="0.001" />
  <testcase classname="alice.tuprolog.DoubleTestCase" name="testEqualsToInt" time="0.0" />
  <testcase classname="alice.tuprolog.DoubleTestCase" name="testEqualsToLong" time="0.0" />
  <testcase classname="alice.tuprolog.DoubleTestCase" name="testEqualsToDouble" time="0.001" />
  <testcase classname="alice.tuprolog.DoubleTestCase" name="testEqualsToFloat" time="0.001" />
  <testcase classname="alice.tuprolog.SolveInfoTestCase" name="testGetSubsequentQuery" time="0.058" />
  <testcase classname="alice.tuprolog.StateRuleSelectionTestCase" name="testUnknownPredicateInQuery" time="0.048" />
  <testcase classname="alice.tuprolog.StateRuleSelectionTestCase" name="testUnknownPredicateInTheory" time="0.066" />
  <testcase classname="alice.tuprolog.StructIteratorTestCase" name="testEmptyIterator" time="0.003" />
  <testcase classname="alice.tuprolog.StructIteratorTestCase" name="testIteratorCount" time="0.001" />
  <testcase classname="alice.tuprolog.StructIteratorTestCase" name="testMultipleHasNext" time="0.0" />
  <testcase classname="alice.tuprolog.StructIteratorTestCase" name="testMultipleNext" time="0.001" />
  <testcase classname="alice.tuprolog.StructIteratorTestCase" name="testRemoveOperationNotSupported" time="0.001" />
  <testcase classname="alice.tuprolog.StructTestCase" name="testIsAtomic" time="0.0" />
  <testcase classname="alice.tuprolog.StructTestCase" name="testIsAtom" time="0.008" />
  <testcase classname="alice.tuprolog.StructTestCase" name="testIsCompound" time="0.001" />
  <testcase classname="alice.tuprolog.StructTestCase" name="testStructWithNullArgument" time="0.001" />
  <testcase classname="alice.tuprolog.StructTestCase" name="testEmptyList" time="0.0" />
  <testcase classname="alice.tuprolog.StructTestCase" name="testStructWithNullName" time="0.001" />
  <testcase classname="alice.tuprolog.StructTestCase" name="testStructWithEmptyName" time="0.004" />
  <testcase classname="alice.tuprolog.StructTestCase" name="testEmptyListAsSquaredStruct" time="0.003" />
  <testcase classname="alice.tuprolog.StructTestCase" name="testEmptyListAsDottedStruct" time="0.001" />
  <testcase classname="alice.tuprolog.StructTestCase" name="testListAsDottedStruct" time="0.0" />
  <testcase classname="alice.tuprolog.StructTestCase" name="testListFromArgumentArray" time="0.0" />
  <testcase classname="alice.tuprolog.StructTestCase" name="testListSize" time="0.0" />
  <testcase classname="alice.tuprolog.StructTestCase" name="testNonListHead" time="0.007" />
  <testcase classname="alice.tuprolog.StructTestCase" name="testNonListTail" time="0.0" />
  <testcase classname="alice.tuprolog.StructTestCase" name="testNonListSize" time="0.001" />
  <testcase classname="alice.tuprolog.StructTestCase" name="testNonListIterator" time="0.0" />
  <testcase classname="alice.tuprolog.StructTestCase" name="testToList" time="0.0" />
  <testcase classname="alice.tuprolog.StructTestCase" name="testToString" time="0.001" />
  <testcase classname="alice.tuprolog.StructTestCase" name="testAppend" time="0.001" />
  <testcase classname="alice.tuprolog.StructTestCase" name="testIteratedGoalTerm" time="0.001" />
  <testcase classname="alice.tuprolog.StructTestCase" name="testIsList" time="0.0" />
  <testcase classname="alice.tuprolog.StructTestCase" name="testEqualsToObject" time="0.001" />
  <testcase classname="alice.tuprolog.TermIteratorTestCase" name="testEmptyIterator" time="0.0" />
  <testcase classname="alice.tuprolog.TermIteratorTestCase" name="testMultipleHasNext" time="0.001" />
  <testcase classname="alice.tuprolog.TermIteratorTestCase" name="testMultipleNext" time="0.001" />
  <testcase classname="alice.tuprolog.TermIteratorTestCase" name="testRemoveOperationNotSupported" time="0.0" />
  <testcase classname="alice.tuprolog.TermIteratorTestCase" name="testIterationCount" time="0.001" />
  <testcase classname="alice.tuprolog.TermIteratorTestCase" name="testIteratorOnInvalidTerm" time="0.001" />
  <testcase classname="alice.tuprolog.TermIteratorTestCase" name="testIterationOnInvalidTheory" time="0.0" />
  <testcase classname="alice.tuprolog.TheoryTestCase" name="testToStringWithParenthesis" time="0.001" />
  <testcase classname="alice.tuprolog.TheoryTestCase" name="testAppendClauseLists" time="0.048" />
  <testcase classname="alice.tuprolog.TheoryManagerTestCase" name="testUnknownDirective" time="0.043" />
  <testcase classname="alice.tuprolog.TheoryManagerTestCase" name="testFailedDirective" time="0.059" />
  <testcase classname="alice.tuprolog.TheoryManagerTestCase" name="testAssertNotBacktrackable" time="0.075" />
  <testcase classname="alice.tuprolog.TheoryManagerTestCase" name="testAbolish" time="0.077" />
  <testcase classname="alice.tuprolog.TheoryManagerTestCase" name="testAbolish2" time="0.076" />
  <testcase classname="alice.tuprolog.TheoryManagerTestCase" name="testRetractall" time="0.059" />
  <testcase classname="alice.tuprolog.TheoryManagerTestCase" name="testRetract" time="0.049" />
  <testcase classname="alice.tuprolog.LibraryTestCase" name="testLibraryFunctor" time="0.055" />
  <testcase classname="alice.tuprolog.LibraryTestCase" name="testLibraryPredicate" time="0.067" />
  <testcase classname="alice.tuprolog.JavaLibraryTestCase" name="testGetPrimitives" time="0.001" />
  <testcase classname="alice.tuprolog.JavaLibraryTestCase" name="testAnonymousObjectRegistration" time="0.055" />
  <testcase classname="alice.tuprolog.JavaLibraryTestCase" name="testDynamicObjectsRetrival" time="0.095" />
  <testcase classname="alice.tuprolog.JavaLibraryTestCase" name="test_java_object" time="0.046" />
  <testcase classname="alice.tuprolog.JavaLibraryTestCase" name="test_java_object_2" time="0.039" />
  <testcase classname="alice.tuprolog.JavaLibraryTestCase" name="test_invalid_path_java_object" time="0.008" />
  <testcase classname="alice.tuprolog.JavaLibraryTestCase" name="test_java_call_3" time="0.038" />
  <testcase classname="alice.tuprolog.JavaLibraryTestCase" name="test_invalid_path_java_call_4" time="0.015" />
  <testcase classname="alice.tuprolog.JavaLibraryTestCase" name="test_java_array" time="0.038" />
  <testcase classname="alice.tuprolog.JavaLibraryTestCase" name="test_set_classpath" time="0.02" />
  <testcase classname="alice.tuprolog.JavaLibraryTestCase" name="test_get_classpath" time="0.006" />
  <testcase classname="alice.tuprolog.JavaLibraryTestCase" name="test_register_1" time="0.036" />
  <testcase classname="alice.tuprolog.JavaLibraryTestCase" name="test_unregister_1" time="0.183" />
  <testcase classname="alice.tuprolog.JavaLibraryTestCase" name="test_java_catch" time="0.028" />
  <testcase classname="alice.tuprolog.JavaLibraryTestCase" name="test_interface" time="0.094" />
  <testcase classname="alice.tuprolog.ParserTestCase" name="testReadingTerms" time="0.0" />
  <testcase classname="alice.tuprolog.ParserTestCase" name="testReadingEOF" time="0.001" />
  <testcase classname="alice.tuprolog.ParserTestCase" name="testUnaryPlusOperator" time="0.0" />
  <testcase classname="alice.tuprolog.ParserTestCase" name="testUnaryMinusOperator" time="0.01" />
  <testcase classname="alice.tuprolog.ParserTestCase" name="testBinaryMinusOperator" time="0.001" />
  <testcase classname="alice.tuprolog.ParserTestCase" name="testListWithTail" time="0.001" />
  <testcase classname="alice.tuprolog.ParserTestCase" name="testBraces" time="0.0" />
  <testcase classname="alice.tuprolog.ParserTestCase" name="testUnivOperator" time="0.001" />
  <testcase classname="alice.tuprolog.ParserTestCase" name="testDotOperator" time="0.002" />
  <testcase classname="alice.tuprolog.ParserTestCase" name="testBracketedOperatorAsTerm" time="0.001" />
  <testcase classname="alice.tuprolog.ParserTestCase" name="testBracketedOperatorAsTerm2" time="0.002" />
  <testcase classname="alice.tuprolog.ParserTestCase" name="testIntegerBinaryRepresentation" time="0.001" />
  <testcase classname="alice.tuprolog.ParserTestCase" name="testIntegerOctalRepresentation" time="0.0" />
  <testcase classname="alice.tuprolog.ParserTestCase" name="testIntegerHexadecimalRepresentation" time="0.001" />
  <testcase classname="alice.tuprolog.ParserTestCase" name="testEmptyDCGAction" time="0.003" />
  <testcase classname="alice.tuprolog.ParserTestCase" name="testSingleDCGAction" time="0.001" />
  <testcase classname="alice.tuprolog.ParserTestCase" name="testMultipleDCGAction" time="0.004" />
  <testcase classname="alice.tuprolog.ParserTestCase" name="testMissingDCGActionElement" time="0.001" />
  <testcase classname="alice.tuprolog.ParserTestCase" name="testDCGActionCommaAsAnotherSymbol" time="0.0" />
  <testcase classname="alice.tuprolog.ParserTestCase" name="testUncompleteDCGAction" time="0.0" />
  <testcase classname="alice.tuprolog.ParserTestCase" name="testMultilineComments" time="0.01" />
  <testcase classname="alice.tuprolog.ParserTestCase" name="testSingleQuotedTermWithInvalidLineBreaks" time="0.001" />
  <testcase classname="alice.tuprolog.SpyEventTestCase" name="testToString" time="0.378" />
  <testcase classname="alice.tuprolog.VarTestCase" name="testIsAtomic" time="0.001" />
  <testcase classname="alice.tuprolog.VarTestCase" name="testIsAtom" time="0.001" />
  <testcase classname="alice.tuprolog.VarTestCase" name="testIsCompound" time="0.001" />
  <testcase classname="alice.tuprolog.TestVarIsEqual" name="testDifferntVarsCompareEqual" time="0.548">
    <failure message="Test should complete normally" type="junit.framework.AssertionFailedError">junit.framework.AssertionFailedError: Test should complete normally
	at alice.tuprolog.TestVarIsEqual.testDifferntVarsCompareEqual(TestVarIsEqual.java:110)
</failure>
  </testcase>
  <testcase classname="alice.tuprolog.JavaDynamicClassLoaderTestCase" name="ConstructorTest" time="0.004" />
  <testcase classname="alice.tuprolog.JavaDynamicClassLoaderTestCase" name="LoadClassTest" time="0.031" />
  <testcase classname="alice.tuprolog.JavaDynamicClassLoaderTestCase" name="LoadClassNotFoundTest" time="0.013" />
  <testcase classname="alice.tuprolog.JavaDynamicClassLoaderTestCase" name="InvalidPathTest" time="0.003" />
  <testcase classname="alice.tuprolog.JavaDynamicClassLoaderTestCase" name="URLHandling" time="0.06" />
  <testcase classname="alice.tuprolog.JavaDynamicClassLoaderTestCase" name="TestNestedPackage" time="0.014" />
  <testcase classname="alice.tuprolog.ISOIOLibraryTestCase" name="test_open" time="0.026" />
  <testcase classname="alice.tuprolog.ISOIOLibraryTestCase" name="test_2" time="0.007" />
  <testcase classname="alice.tuprolog.ISOIOLibraryTestCase" name="test_3" time="0.033" />
  <testcase classname="alice.tuprolog.ISOIOLibraryTestCase" name="test_4" time="0.014" />
  <testcase classname="alice.tuprolog.ISOIOLibraryTestCase" name="test_5" time="0.023" />
  <testcase classname="alice.tuprolog.ISOIOLibraryTestCase" name="test_6" time="0.024" />
  <testcase classname="alice.tuprolog.ISOIOLibraryTestCase" name="test_7" time="0.004" />
  <testcase classname="alice.tuprolog.ISOIOLibraryTestCase" name="test_8" time="0.012" />
  <testcase classname="alice.tuprolog.ISOIOLibraryTestCase" name="test_9" time="0.025" />
  <testcase classname="alice.tuprolog.ISOIOLibraryTestCase" name="test_10" time="0.051" />
  <testcase classname="alice.tuprolog.SocketLibTestCase" name="test_server_write" time="0.562" />
  <testcase classname="alice.tuprolog.SocketLibTestCase" name="test_client_write" time="0.178">
    <failure type="junit.framework.AssertionFailedError">junit.framework.AssertionFailedError
	at alice.tuprolog.SocketLibTestCase.test_client_write(SocketLibTestCase.java:84)
</failure>
  </testcase>
  <testcase classname="alice.tuprolog.ThreadLibraryTestCase" name="testThread_id_1" time="0.166" />
  <testcase classname="alice.tuprolog.ThreadLibraryTestCase" name="testThread_create_2" time="0.236" />
  <testcase classname="alice.tuprolog.ThreadLibraryTestCase" name="testThread_next_sol_1" time="0.185" />
  <testcase classname="alice.tuprolog.ThreadLibraryTestCase" name="testThread_join_2" time="0.202" />
  <testcase classname="alice.tuprolog.ThreadLibraryTestCase" name="testThread_read_2" time="0.214" />
  <testcase classname="alice.tuprolog.ThreadLibraryTestCase" name="testThread_has_next_1" time="0.174" />
  <testcase classname="alice.tuprolog.ThreadLibraryTestCase" name="testThread_detach_1" time="0.2" />
  <testcase classname="alice.tuprolog.ThreadLibraryTestCase" name="testThread_sleep_1" time="0.658" />
  <testcase classname="alice.tuprolog.ThreadLibraryTestCase" name="testThread_send_msg_2" time="0.106" />
  <testcase classname="alice.tuprolog.ThreadLibraryTestCase" name="testThread_get_msg_2" time="0.569" />
  <testcase classname="alice.tuprolog.ThreadLibraryTestCase" name="testThread_peek_msg_2" time="0.582" />
  <testcase classname="alice.tuprolog.ThreadLibraryTestCase" name="testThread_wait_msg_2" time="0.54" />
  <testcase classname="alice.tuprolog.ThreadLibraryTestCase" name="testThread_remove_msg_2" time="0.088" />
  <testcase classname="alice.tuprolog.ThreadLibraryTestCase" name="testMsg_queue_destroy_1" time="0.036" />
  <testcase classname="alice.tuprolog.ThreadLibraryTestCase" name="testMsg_queue_size_2" time="0.057" />
  <testcase classname="alice.tuprolog.ThreadLibraryTestCase" name="testMutex_destroy_1" time="0.537" />
  <testcase classname="alice.tuprolog.ThreadLibraryTestCase" name="testMutex_lock_unlock_1" time="0.049" />
  <testcase classname="alice.tuprolog.ThreadLibraryTestCase" name="testMutex_trylock_1" time="0.03" />
  <testcase classname="alice.tuprolog.ThreadLibraryTestCase" name="testMutex_unlock_all_0" time="0.034" />
  <testcase classname="alice.tuprolog.ThreadLibraryTestCase" name="testFattoriale" time="0.053" />
  <testcase classname="alice.tuprolog.ThreadLibraryTestCase" name="testMutex1" time="0.054" />
  <testcase classname="alice.tuprolog.ThreadLibraryTestCase" name="testMutex2" time="0.042" />
  <testcase classname="alice.tuprolog.ThreadLibraryTestCase" name="testMutex3" time="0.059" />
  <testcase classname="alice.tuprolog.ThreadLibraryTestCase" name="concurrentTest1" time="0.062" />
  <testcase classname="alice.tuprolog.ThreadLibraryTestCase" name="concurrentTest2" time="0.052" />
  <testcase classname="alice.tuprolog.ThreadLibraryTestCase" name="concurrentTest3" time="0.044" />
  <system-out><![CDATA[Pippo constructed!
Pluto.method(IPippo) invoked.
met
Pippo constructed!
Pluto.method2(Pippo) invoked.
met
Pippo constructed!
Pluto.method(IPippo) invoked.
met
Pippo constructed!
met
Pippo constructed!
Pluto.method(IPippo) invoked.
met
]]></system-out>
  <system-err><![CDATA[java.net.SocketException: Socket closed
	at java.net.SocketInputStream.socketRead0(Native Method)
	at java.net.SocketInputStream.read(SocketInputStream.java:150)
	at java.net.SocketInputStream.read(SocketInputStream.java:121)
	at java.net.SocketInputStream.read(SocketInputStream.java:203)
	at java.io.ObjectInputStream$PeekInputStream.peek(ObjectInputStream.java:2291)
	at java.io.ObjectInputStream$BlockDataInputStream.readBlockHeader(ObjectInputStream.java:2471)
	at java.io.ObjectInputStream$BlockDataInputStream.refill(ObjectInputStream.java:2541)
	at java.io.ObjectInputStream$BlockDataInputStream.skipBlockData(ObjectInputStream.java:2443)
	at java.io.ObjectInputStream.skipCustomData(ObjectInputStream.java:1939)
	at java.io.ObjectInputStream.readNonProxyDesc(ObjectInputStream.java:1618)
	at java.io.ObjectInputStream.readClassDesc(ObjectInputStream.java:1515)
	at java.io.ObjectInputStream.readArray(ObjectInputStream.java:1661)
	at java.io.ObjectInputStream.readObject0(ObjectInputStream.java:1342)
	at java.io.ObjectInputStream.defaultReadFields(ObjectInputStream.java:1989)
	at java.io.ObjectInputStream.readSerialData(ObjectInputStream.java:1913)
	at java.io.ObjectInputStream.readOrdinaryObject(ObjectInputStream.java:1796)
	at java.io.ObjectInputStream.readObject0(ObjectInputStream.java:1348)
	at java.io.ObjectInputStream.readObject(ObjectInputStream.java:370)
	at alice.tuprolog.lib.SocketLibrary.read_from_socket_3(SocketLibrary.java:441)
	at sun.reflect.NativeMethodAccessorImpl.invoke0(Native Method)
	at sun.reflect.NativeMethodAccessorImpl.invoke(NativeMethodAccessorImpl.java:57)
	at sun.reflect.DelegatingMethodAccessorImpl.invoke(DelegatingMethodAccessorImpl.java:43)
	at java.lang.reflect.Method.invoke(Method.java:606)
	at alice.tuprolog.PrimitiveInfo.evalAsPredicate(PrimitiveInfo.java:123)
	at alice.tuprolog.StateGoalEvaluation.doJob(StateGoalEvaluation.java:41)
	at alice.tuprolog.Engine.run(Engine.java:77)
	at alice.tuprolog.EngineRunner.solve(EngineRunner.java:179)
	at alice.tuprolog.EngineRunner.threadSolve(EngineRunner.java:145)
	at alice.tuprolog.EngineRunner.run(EngineRunner.java:358)
	at java.lang.Thread.run(Thread.java:724)
]]></system-err>
</testsuite>
