<?xml version="1.0" encoding="UTF-8" ?>
<testsuite errors="0" failures="0" hostname="MacBook-Air-di-Roberta-Calegari.local" name="alice.tuprolog.ExceptionsTestSuite" skipped="0" tests="205" time="27.233" timestamp="2014-07-13T10:18:55">
  <properties>
[...]
</properties>
  <testcase classname="alice.tuprolog.BasicLibraryExceptionsTestCase" name="test_set_theory_1_2" time="0.992" />
  <testcase classname="alice.tuprolog.BasicLibraryExceptionsTestCase" name="test_set_theory_1_1" time="0.583" />
  <testcase classname="alice.tuprolog.BasicLibraryExceptionsTestCase" name="test_set_theory_1_3" time="0.389" />
  <testcase classname="alice.tuprolog.BasicLibraryExceptionsTestCase" name="test_add_theory_1_1" time="0.309" />
  <testcase classname="alice.tuprolog.BasicLibraryExceptionsTestCase" name="test_add_theory_1_2" time="0.309" />
  <testcase classname="alice.tuprolog.BasicLibraryExceptionsTestCase" name="test_add_theory_1_3" time="0.312" />
  <testcase classname="alice.tuprolog.BasicLibraryExceptionsTestCase" name="test_agent_1_1" time="0.311" />
  <testcase classname="alice.tuprolog.BasicLibraryExceptionsTestCase" name="test_agent_1_2" time="0.305" />
  <testcase classname="alice.tuprolog.BasicLibraryExceptionsTestCase" name="test_agent_2_1" time="0.297" />
  <testcase classname="alice.tuprolog.BasicLibraryExceptionsTestCase" name="test_agent_2_2" time="0.307" />
  <testcase classname="alice.tuprolog.BasicLibraryExceptionsTestCase" name="test_agent_2_3" time="0.318" />
  <testcase classname="alice.tuprolog.BasicLibraryExceptionsTestCase" name="test_agent_2_4" time="0.326" />
  <testcase classname="alice.tuprolog.BasicLibraryExceptionsTestCase" name="test_expression_comparison_2_1" time="0.295" />
  <testcase classname="alice.tuprolog.BasicLibraryExceptionsTestCase" name="test_expression_comparison_2_2" time="0.362" />
  <testcase classname="alice.tuprolog.BasicLibraryExceptionsTestCase" name="test_expression_comparison_2_3" time="0.35" />
  <testcase classname="alice.tuprolog.BasicLibraryExceptionsTestCase" name="test_expression_comparison_2_4" time="0.386" />
  <testcase classname="alice.tuprolog.BasicLibraryExceptionsTestCase" name="test_expression_comparison_2_5" time="0.295" />
  <testcase classname="alice.tuprolog.BasicLibraryExceptionsTestCase" name="test_expression_comparison_2_6" time="0.252" />
  <testcase classname="alice.tuprolog.BasicLibraryExceptionsTestCase" name="test_expression_comparison_2_7" time="0.225" />
  <testcase classname="alice.tuprolog.BasicLibraryExceptionsTestCase" name="test_expression_comparison_2_8" time="0.205" />
  <testcase classname="alice.tuprolog.BasicLibraryExceptionsTestCase" name="test_expression_comparison_2_9" time="0.202" />
  <testcase classname="alice.tuprolog.BasicLibraryExceptionsTestCase" name="test_expression_comparison_2_10" time="0.185" />
  <testcase classname="alice.tuprolog.BasicLibraryExceptionsTestCase" name="test_expression_comparison_2_11" time="0.164" />
  <testcase classname="alice.tuprolog.BasicLibraryExceptionsTestCase" name="test_expression_comparison_2_12" time="0.17" />
  <testcase classname="alice.tuprolog.BasicLibraryExceptionsTestCase" name="test_expression_comparison_2_13" time="0.137" />
  <testcase classname="alice.tuprolog.BasicLibraryExceptionsTestCase" name="test_expression_comparison_2_14" time="0.151" />
  <testcase classname="alice.tuprolog.BasicLibraryExceptionsTestCase" name="test_expression_comparison_2_15" time="0.134" />
  <testcase classname="alice.tuprolog.BasicLibraryExceptionsTestCase" name="test_expression_comparison_2_16" time="0.13" />
  <testcase classname="alice.tuprolog.BasicLibraryExceptionsTestCase" name="test_expression_comparison_2_17" time="0.157" />
  <testcase classname="alice.tuprolog.BasicLibraryExceptionsTestCase" name="test_expression_comparison_2_18" time="0.141" />
  <testcase classname="alice.tuprolog.BasicLibraryExceptionsTestCase" name="test_expression_comparison_2_19" time="0.135" />
  <testcase classname="alice.tuprolog.BasicLibraryExceptionsTestCase" name="test_expression_comparison_2_20" time="0.153" />
  <testcase classname="alice.tuprolog.BasicLibraryExceptionsTestCase" name="test_expression_comparison_2_21" time="0.149" />
  <testcase classname="alice.tuprolog.BasicLibraryExceptionsTestCase" name="test_expression_comparison_2_22" time="0.149" />
  <testcase classname="alice.tuprolog.BasicLibraryExceptionsTestCase" name="test_expression_comparison_2_23" time="0.121" />
  <testcase classname="alice.tuprolog.BasicLibraryExceptionsTestCase" name="test_text_concat_3_1" time="0.134" />
  <testcase classname="alice.tuprolog.BasicLibraryExceptionsTestCase" name="test_expression_comparison_2_24" time="0.134" />
  <testcase classname="alice.tuprolog.BasicLibraryExceptionsTestCase" name="test_expression_comparison_2_25" time="0.136" />
  <testcase classname="alice.tuprolog.BasicLibraryExceptionsTestCase" name="test_expression_comparison_2_26" time="0.157" />
  <testcase classname="alice.tuprolog.BasicLibraryExceptionsTestCase" name="test_expression_comparison_2_27" time="0.15" />
  <testcase classname="alice.tuprolog.BasicLibraryExceptionsTestCase" name="test_expression_comparison_2_28" time="0.134" />
  <testcase classname="alice.tuprolog.BasicLibraryExceptionsTestCase" name="test_expression_comparison_2_29" time="0.123" />
  <testcase classname="alice.tuprolog.BasicLibraryExceptionsTestCase" name="test_expression_comparison_2_30" time="0.128" />
  <testcase classname="alice.tuprolog.BasicLibraryExceptionsTestCase" name="test_expression_comparison_2_31" time="0.141" />
  <testcase classname="alice.tuprolog.BasicLibraryExceptionsTestCase" name="test_expression_comparison_2_32" time="0.151" />
  <testcase classname="alice.tuprolog.BasicLibraryExceptionsTestCase" name="test_expression_comparison_2_33" time="0.129" />
  <testcase classname="alice.tuprolog.BasicLibraryExceptionsTestCase" name="test_expression_comparison_2_34" time="0.14" />
  <testcase classname="alice.tuprolog.BasicLibraryExceptionsTestCase" name="test_expression_comparison_2_35" time="0.104" />
  <testcase classname="alice.tuprolog.BasicLibraryExceptionsTestCase" name="test_expression_comparison_2_36" time="0.133" />
  <testcase classname="alice.tuprolog.BasicLibraryExceptionsTestCase" name="test_expression_comparison_2_37" time="0.129" />
  <testcase classname="alice.tuprolog.BasicLibraryExceptionsTestCase" name="test_expression_comparison_2_38" time="0.104" />
  <testcase classname="alice.tuprolog.BasicLibraryExceptionsTestCase" name="test_expression_comparison_2_39" time="0.064" />
  <testcase classname="alice.tuprolog.BasicLibraryExceptionsTestCase" name="test_expression_comparison_2_40" time="0.077" />
  <testcase classname="alice.tuprolog.BasicLibraryExceptionsTestCase" name="test_expression_comparison_2_41" time="0.05" />
  <testcase classname="alice.tuprolog.BasicLibraryExceptionsTestCase" name="test_expression_comparison_2_42" time="0.062" />
  <testcase classname="alice.tuprolog.BasicLibraryExceptionsTestCase" name="test_text_concat_3_2" time="0.056" />
  <testcase classname="alice.tuprolog.BasicLibraryExceptionsTestCase" name="test_text_concat_3_3" time="0.091" />
  <testcase classname="alice.tuprolog.BasicLibraryExceptionsTestCase" name="test_text_concat_3_4" time="0.066" />
  <testcase classname="alice.tuprolog.BasicLibraryExceptionsTestCase" name="test_num_atom_2_1" time="0.056" />
  <testcase classname="alice.tuprolog.BasicLibraryExceptionsTestCase" name="test_num_atom_2_2" time="0.06" />
  <testcase classname="alice.tuprolog.BasicLibraryExceptionsTestCase" name="test_num_atom_2_3" time="0.069" />
  <testcase classname="alice.tuprolog.BasicLibraryExceptionsTestCase" name="test_arg_3_1" time="0.061" />
  <testcase classname="alice.tuprolog.BasicLibraryExceptionsTestCase" name="test_arg_3_2" time="0.065" />
  <testcase classname="alice.tuprolog.BasicLibraryExceptionsTestCase" name="test_arg_3_3" time="0.064" />
  <testcase classname="alice.tuprolog.BasicLibraryExceptionsTestCase" name="test_arg_3_4" time="0.068" />
  <testcase classname="alice.tuprolog.BasicLibraryExceptionsTestCase" name="test_arg_3_5" time="0.046" />
  <testcase classname="alice.tuprolog.BasicLibraryExceptionsTestCase" name="test_clause_2_1" time="0.08" />
  <testcase classname="alice.tuprolog.BasicLibraryExceptionsTestCase" name="test_call_1_1" time="0.05" />
  <testcase classname="alice.tuprolog.BasicLibraryExceptionsTestCase" name="test_call_1_2" time="0.066" />
  <testcase classname="alice.tuprolog.BasicLibraryExceptionsTestCase" name="test_findall_3_1" time="0.067" />
  <testcase classname="alice.tuprolog.BasicLibraryExceptionsTestCase" name="test_findall_3_2" time="0.06" />
  <testcase classname="alice.tuprolog.BasicLibraryExceptionsTestCase" name="test_setof_3_1" time="0.068" />
  <testcase classname="alice.tuprolog.BasicLibraryExceptionsTestCase" name="test_setof_3_2" time="0.061" />
  <testcase classname="alice.tuprolog.BasicLibraryExceptionsTestCase" name="test_bagof_3_1" time="0.054" />
  <testcase classname="alice.tuprolog.BasicLibraryExceptionsTestCase" name="test_bagof_3_2" time="0.061" />
  <testcase classname="alice.tuprolog.BasicLibraryExceptionsTestCase" name="test_assert_1_1" time="0.059" />
  <testcase classname="alice.tuprolog.BasicLibraryExceptionsTestCase" name="test_assert_1_2" time="0.045" />
  <testcase classname="alice.tuprolog.BasicLibraryExceptionsTestCase" name="test_retract_1_1" time="0.052" />
  <testcase classname="alice.tuprolog.BasicLibraryExceptionsTestCase" name="test_retract_1_2" time="0.05" />
  <testcase classname="alice.tuprolog.BasicLibraryExceptionsTestCase" name="test_retractall_1_1" time="0.048" />
  <testcase classname="alice.tuprolog.BasicLibraryExceptionsTestCase" name="test_retractall_1_2" time="0.073" />
  <testcase classname="alice.tuprolog.BasicLibraryExceptionsTestCase" name="test_member_2_1" time="0.064" />
  <testcase classname="alice.tuprolog.BasicLibraryExceptionsTestCase" name="test_reverse_2_1" time="0.068" />
  <testcase classname="alice.tuprolog.BasicLibraryExceptionsTestCase" name="test_delete_3_1" time="0.058" />
  <testcase classname="alice.tuprolog.BasicLibraryExceptionsTestCase" name="test_element_3_1" time="0.074" />
  <testcase classname="alice.tuprolog.BuiltInExceptionsTestCase" name="test_asserta_1_1" time="0.048" />
  <testcase classname="alice.tuprolog.BuiltInExceptionsTestCase" name="test_asserta_1_2" time="0.062" />
  <testcase classname="alice.tuprolog.BuiltInExceptionsTestCase" name="test_assertz_1_1" time="0.051" />
  <testcase classname="alice.tuprolog.BuiltInExceptionsTestCase" name="test_assertz_1_2" time="0.076" />
  <testcase classname="alice.tuprolog.BuiltInExceptionsTestCase" name="test_$retract_1_1" time="0.044" />
  <testcase classname="alice.tuprolog.BuiltInExceptionsTestCase" name="test_$retract_1_2" time="0.078" />
  <testcase classname="alice.tuprolog.BuiltInExceptionsTestCase" name="test_abolish_1_1" time="0.055" />
  <testcase classname="alice.tuprolog.BuiltInExceptionsTestCase" name="test_abolish_1_2" time="0.037" />
  <testcase classname="alice.tuprolog.BuiltInExceptionsTestCase" name="test_abolish_1_3" time="0.04" />
  <testcase classname="alice.tuprolog.BuiltInExceptionsTestCase" name="test_halt_1_1" time="0.048" />
  <testcase classname="alice.tuprolog.BuiltInExceptionsTestCase" name="test_halt_1_2" time="0.06" />
  <testcase classname="alice.tuprolog.BuiltInExceptionsTestCase" name="test_load_library_1_1" time="0.096" />
  <testcase classname="alice.tuprolog.BuiltInExceptionsTestCase" name="test_load_library_1_2" time="0.157" />
  <testcase classname="alice.tuprolog.BuiltInExceptionsTestCase" name="test_load_library_1_3" time="0.173" />
  <testcase classname="alice.tuprolog.BuiltInExceptionsTestCase" name="test_unload_library_1_1" time="0.141" />
  <testcase classname="alice.tuprolog.BuiltInExceptionsTestCase" name="test_unload_library_1_2" time="0.152" />
  <testcase classname="alice.tuprolog.BuiltInExceptionsTestCase" name="test_unload_library_1_3" time="0.148" />
  <testcase classname="alice.tuprolog.BuiltInExceptionsTestCase" name="test_$call_1_1" time="0.148" />
  <testcase classname="alice.tuprolog.BuiltInExceptionsTestCase" name="test_$call_1_2" time="0.059" />
  <testcase classname="alice.tuprolog.BuiltInExceptionsTestCase" name="test_is_2_1" time="0.036" />
  <testcase classname="alice.tuprolog.BuiltInExceptionsTestCase" name="test_is_2_2" time="0.029" />
  <testcase classname="alice.tuprolog.BuiltInExceptionsTestCase" name="test_is_2_3" time="0.033" />
  <testcase classname="alice.tuprolog.BuiltInExceptionsTestCase" name="test_is_2_4" time="0.035" />
  <testcase classname="alice.tuprolog.BuiltInExceptionsTestCase" name="test_is_2_5" time="0.028" />
  <testcase classname="alice.tuprolog.BuiltInExceptionsTestCase" name="test_$tolist_2_1" time="0.034" />
  <testcase classname="alice.tuprolog.BuiltInExceptionsTestCase" name="test_$tolist_2_2" time="0.047" />
  <testcase classname="alice.tuprolog.BuiltInExceptionsTestCase" name="test_$fromlist_2_1" time="0.031" />
  <testcase classname="alice.tuprolog.BuiltInExceptionsTestCase" name="test_$fromlist_2_2" time="0.035" />
  <testcase classname="alice.tuprolog.BuiltInExceptionsTestCase" name="test_$append_2_1" time="0.031" />
  <testcase classname="alice.tuprolog.BuiltInExceptionsTestCase" name="test_$append_2_2" time="0.031" />
  <testcase classname="alice.tuprolog.BuiltInExceptionsTestCase" name="test_$find_2_1" time="0.032" />
  <testcase classname="alice.tuprolog.BuiltInExceptionsTestCase" name="test_$find_2_2" time="0.027" />
  <testcase classname="alice.tuprolog.BuiltInExceptionsTestCase" name="test_set_prolog_flag_2_1" time="0.033" />
  <testcase classname="alice.tuprolog.BuiltInExceptionsTestCase" name="test_set_prolog_flag_2_2" time="0.035" />
  <testcase classname="alice.tuprolog.BuiltInExceptionsTestCase" name="test_set_prolog_flag_2_3" time="0.027" />
  <testcase classname="alice.tuprolog.BuiltInExceptionsTestCase" name="test_set_prolog_flag_2_4" time="0.031" />
  <testcase classname="alice.tuprolog.BuiltInExceptionsTestCase" name="test_set_prolog_flag_2_5" time="0.034" />
  <testcase classname="alice.tuprolog.BuiltInExceptionsTestCase" name="test_set_prolog_flag_2_6" time="0.032" />
  <testcase classname="alice.tuprolog.BuiltInExceptionsTestCase" name="test_set_prolog_flag_2_7" time="0.033" />
  <testcase classname="alice.tuprolog.BuiltInExceptionsTestCase" name="test_get_prolog_flag_2_1" time="0.038" />
  <testcase classname="alice.tuprolog.BuiltInExceptionsTestCase" name="test_get_prolog_flag_2_2" time="0.028" />
  <testcase classname="alice.tuprolog.BuiltInExceptionsTestCase" name="test_get_prolog_flag_2_3" time="0.033" />
  <testcase classname="alice.tuprolog.BuiltInExceptionsTestCase" name="test_$op_3_1" time="0.037" />
  <testcase classname="alice.tuprolog.BuiltInExceptionsTestCase" name="test_$op_3_2" time="0.028" />
  <testcase classname="alice.tuprolog.BuiltInExceptionsTestCase" name="test_$op_3_3" time="0.034" />
  <testcase classname="alice.tuprolog.BuiltInExceptionsTestCase" name="test_$op_3_4" time="0.034" />
  <testcase classname="alice.tuprolog.BuiltInExceptionsTestCase" name="test_$op_3_5" time="0.031" />
  <testcase classname="alice.tuprolog.BuiltInExceptionsTestCase" name="test_$op_3_6" time="0.035" />
  <testcase classname="alice.tuprolog.BuiltInExceptionsTestCase" name="test_$op_3_7" time="0.033" />
  <testcase classname="alice.tuprolog.BuiltInExceptionsTestCase" name="test_$op_3_8" time="0.029" />
  <testcase classname="alice.tuprolog.DCGLibraryExceptionsTestCase" name="test_phrase_2_1" time="0.038" />
  <testcase classname="alice.tuprolog.DCGLibraryExceptionsTestCase" name="test_phrase_3_1" time="0.037" />
  <testcase classname="alice.tuprolog.IOLibraryExceptionsTestCase" name="test_see_1_1" time="0.029" />
  <testcase classname="alice.tuprolog.IOLibraryExceptionsTestCase" name="test_see_1_2" time="0.035" />
  <testcase classname="alice.tuprolog.IOLibraryExceptionsTestCase" name="test_see_1_3" time="0.034" />
  <testcase classname="alice.tuprolog.IOLibraryExceptionsTestCase" name="test_tell_1_1" time="0.028" />
  <testcase classname="alice.tuprolog.IOLibraryExceptionsTestCase" name="test_tell_1_2" time="0.032" />
  <testcase classname="alice.tuprolog.IOLibraryExceptionsTestCase" name="test_put_1_1" time="0.03" />
  <testcase classname="alice.tuprolog.IOLibraryExceptionsTestCase" name="test_put_1_2" time="0.03" />
  <testcase classname="alice.tuprolog.IOLibraryExceptionsTestCase" name="test_put_1_3" time="0.036" />
  <testcase classname="alice.tuprolog.IOLibraryExceptionsTestCase" name="test_tab_1_1" time="0.03" />
  <testcase classname="alice.tuprolog.IOLibraryExceptionsTestCase" name="test_tab_1_2" time="0.034" />
  <testcase classname="alice.tuprolog.IOLibraryExceptionsTestCase" name="test_read_1_1" time="0.05" />
  <testcase classname="alice.tuprolog.IOLibraryExceptionsTestCase" name="test_write_1_1" time="0.03" />
  <testcase classname="alice.tuprolog.IOLibraryExceptionsTestCase" name="test_print_1_1" time="0.032" />
  <testcase classname="alice.tuprolog.IOLibraryExceptionsTestCase" name="test_text_from_file_2_1" time="0.033" />
  <testcase classname="alice.tuprolog.IOLibraryExceptionsTestCase" name="test_text_from_file_2_2" time="0.027" />
  <testcase classname="alice.tuprolog.IOLibraryExceptionsTestCase" name="test_text_from_file_2_3" time="0.035" />
  <testcase classname="alice.tuprolog.IOLibraryExceptionsTestCase" name="test_agent_file_1_1" time="0.036" />
  <testcase classname="alice.tuprolog.IOLibraryExceptionsTestCase" name="test_agent_file_1_2" time="0.029" />
  <testcase classname="alice.tuprolog.IOLibraryExceptionsTestCase" name="test_agent_file_1_3" time="0.042" />
  <testcase classname="alice.tuprolog.IOLibraryExceptionsTestCase" name="test_solve_file_2_1" time="0.035" />
  <testcase classname="alice.tuprolog.IOLibraryExceptionsTestCase" name="test_solve_file_2_2" time="0.03" />
  <testcase classname="alice.tuprolog.IOLibraryExceptionsTestCase" name="test_solve_file_2_3" time="0.033" />
  <testcase classname="alice.tuprolog.IOLibraryExceptionsTestCase" name="test_solve_file_2_4" time="0.035" />
  <testcase classname="alice.tuprolog.IOLibraryExceptionsTestCase" name="test_solve_file_2_5" time="0.03" />
  <testcase classname="alice.tuprolog.IOLibraryExceptionsTestCase" name="test_consult_1_1" time="0.032" />
  <testcase classname="alice.tuprolog.IOLibraryExceptionsTestCase" name="test_consult_1_2" time="0.037" />
  <testcase classname="alice.tuprolog.IOLibraryExceptionsTestCase" name="test_consult_1_3" time="0.03" />
  <testcase classname="alice.tuprolog.ISOLibraryExceptionsTestCase" name="test_atom_length_2_1" time="0.036" />
  <testcase classname="alice.tuprolog.ISOLibraryExceptionsTestCase" name="test_atom_length_2_2" time="0.031" />
  <testcase classname="alice.tuprolog.ISOLibraryExceptionsTestCase" name="test_atom_chars_2_1" time="0.03" />
  <testcase classname="alice.tuprolog.ISOLibraryExceptionsTestCase" name="test_atom_chars_2_2" time="0.035" />
  <testcase classname="alice.tuprolog.ISOLibraryExceptionsTestCase" name="test_char_code_2_1" time="0.029" />
  <testcase classname="alice.tuprolog.ISOLibraryExceptionsTestCase" name="test_char_code_2_2" time="0.032" />
  <testcase classname="alice.tuprolog.ISOLibraryExceptionsTestCase" name="test_sub_atom_5_2" time="0.034" />
  <testcase classname="alice.tuprolog.JavaLibraryExceptionsTestCase" name="test_java_object_3_1" time="0.044" />
  <testcase classname="alice.tuprolog.JavaLibraryExceptionsTestCase" name="test_java_object_3_2" time="0.038" />
  <testcase classname="alice.tuprolog.JavaLibraryExceptionsTestCase" name="test_java_object_3_3" time="0.038" />
  <testcase classname="alice.tuprolog.JavaLibraryExceptionsTestCase" name="test_java_object_3_4" time="0.048" />
  <testcase classname="alice.tuprolog.JavaLibraryExceptionsTestCase" name="test_java_object_bt_3_1" time="0.034" />
  <testcase classname="alice.tuprolog.JavaLibraryExceptionsTestCase" name="test_java_object_bt_3_2" time="0.036" />
  <testcase classname="alice.tuprolog.JavaLibraryExceptionsTestCase" name="test_java_object_bt_3_3" time="0.043" />
  <testcase classname="alice.tuprolog.JavaLibraryExceptionsTestCase" name="test_java_object_bt_3_4" time="0.034" />
  <testcase classname="alice.tuprolog.JavaLibraryExceptionsTestCase" name="test_java_class_4_1" time="2.745" />
  <testcase classname="alice.tuprolog.JavaLibraryExceptionsTestCase" name="test_java_class_4_2" time="4.42" />
  <testcase classname="alice.tuprolog.JavaLibraryExceptionsTestCase" name="test_java_call_3_1" time="0.058" />
  <testcase classname="alice.tuprolog.JavaLibraryExceptionsTestCase" name="test_java_call_3_2" time="0.035" />
  <testcase classname="alice.tuprolog.JavaLibraryExceptionsTestCase" name="test_java_call_3_3" time="0.034" />
  <testcase classname="alice.tuprolog.JavaLibraryExceptionsTestCase" name="test_java_returns_2_1" time="0.039" />
  <testcase classname="alice.tuprolog.JavaLibraryExceptionsTestCase" name="test_java_returns_2_2" time="0.04" />
  <testcase classname="alice.tuprolog.JavaLibraryExceptionsTestCase" name="test_java_returns_2_3" time="0.037" />
  <testcase classname="alice.tuprolog.JavaLibraryExceptionsTestCase" name="test_java_array_set_3_1" time="0.038" />
  <testcase classname="alice.tuprolog.JavaLibraryExceptionsTestCase" name="test_java_array_set_3_2" time="0.048" />
  <testcase classname="alice.tuprolog.JavaLibraryExceptionsTestCase" name="test_java_array_set_3_3" time="0.029" />
  <testcase classname="alice.tuprolog.JavaLibraryExceptionsTestCase" name="test_java_array_get_3_1" time="0.04" />
  <testcase classname="alice.tuprolog.JavaLibraryExceptionsTestCase" name="test_java_array_get_3_3" time="0.038" />
  <testcase classname="alice.tuprolog.JavaThrowCatchTestCase" name="test_java_catch_3_1" time="0.033" />
  <testcase classname="alice.tuprolog.JavaThrowCatchTestCase" name="test_java_catch_3_2" time="0.037" />
  <testcase classname="alice.tuprolog.JavaThrowCatchTestCase" name="test_java_catch_3_3" time="0.038" />
  <testcase classname="alice.tuprolog.JavaThrowCatchTestCase" name="test_java_catch_3_4" time="0.046" />
  <testcase classname="alice.tuprolog.JavaThrowCatchTestCase" name="test_java_catch_3_5" time="0.029" />
  <testcase classname="alice.tuprolog.JavaThrowCatchTestCase" name="test_java_catch_3_6" time="0.038" />
  <testcase classname="alice.tuprolog.JavaThrowCatchTestCase" name="test_java_catch_3_7" time="0.039" />
  <testcase classname="alice.tuprolog.ThrowCatchTestCase" name="test_catch_3_2" time="0.031" />
  <testcase classname="alice.tuprolog.ThrowCatchTestCase" name="test_catch_3_1" time="0.035" />
  <testcase classname="alice.tuprolog.ThrowCatchTestCase" name="test_catch_3_3" time="0.036" />
  <testcase classname="alice.tuprolog.ThrowCatchTestCase" name="test_catch_3_4" time="0.03" />
  <testcase classname="alice.tuprolog.ThrowCatchTestCase" name="test_catch_3_5" time="0.038" />
  <testcase classname="alice.tuprolog.ThrowCatchTestCase" name="test_catch_3_6" time="0.045" />
  <system-out><![CDATA[]]></system-out>
  <system-err><![CDATA[]]></system-err>
</testsuite>
